<?xml version="1.0" encoding="UTF-8"?>
<testng-results ignored="0" total="2" passed="2" failed="0" skipped="0">
  <reporter-output>
  </reporter-output>
  <suite started-at="2022-01-30T08:47:38 IST" name="Default suite" finished-at="2022-01-30T08:48:40 IST" duration-ms="61668">
    <groups>
    </groups>
    <test started-at="2022-01-30T08:47:38 IST" name="Default test" finished-at="2022-01-30T08:48:40 IST" duration-ms="61668">
      <class name="com.login.HRM_Login_Logout">
        <test-method signature="cehckAdminLogin()[pri:0, instance:com.login.HRM_Login_Logout@47987356]" started-at="2022-01-30T08:47:38 IST" name="cehckAdminLogin" finished-at="2022-01-30T08:48:02 IST" duration-ms="23712" status="PASS">
          <reporter-output>
          </reporter-output>
        </test-method> <!-- cehckAdminLogin -->
        <test-method signature="cehckInvalidWarning()[pri:0, instance:com.login.HRM_Login_Logout@47987356]" started-at="2022-01-30T08:48:02 IST" name="cehckInvalidWarning" finished-at="2022-01-30T08:48:40 IST" duration-ms="37915" status="PASS">
          <reporter-output>
          </reporter-output>
        </test-method> <!-- cehckInvalidWarning -->
      </class> <!-- com.login.HRM_Login_Logout -->
    </test> <!-- Default test -->
  </suite> <!-- Default suite -->
</testng-results>
